[INFO]: API request: GET /api/
[INFO]: API request: GET /api/
[INFO]: GET /api/ from [::1]:42292
[INFO]: GET /api/status from [::1]:42292
[INFO]: GET /api/v1/status from [::1]:52878
[INFO]: GET /api/v1/status from [::1]:52878
[INFO]: GET /api/v1/statu from [::1]:52878
[INFO]: GET /api/v1/status from [::1]:52878
[INFO]: GET /api/v1/status from [::1]:49578
[INFO]: GET /api/v1/status from [::1]:49578
[INFO]: GET /api/v1/status from [::1]:34660
[INFO]: GET /api/v1/status from [::1]:47116
[INFO]: GET /api/v1/status from [::1]:34182
[INFO]: GET /api/v1/status from [::1]:50438
[INFO]: GET /api/v1/status from [::1]:50438
[INFO]: GET /api/v1/ping from [::1]:50438
[INFO]: GET /api/v1/ping from [::1]:50438
[INFO]: GET /api/v1/ping from [::1]:50438
[INFO]: GET /api/v1/ping from [::1]:40756
[INFO]: GET /api/v1/ping from [::1]:40756
